2017-09-03 16:51:46,650 INFO 载入数据......
2017-09-03 16:51:46,651 DEBUG 载入完成,准备生成字典对象和统计文本数据...
2017-09-03 16:51:46,662 INFO 共有1968个文档
2017-09-03 16:51:46,699 INFO 词与序号对应关系已保存到/home/zz/Desktop/PycharmProjects/kechengsheji/yahoo_answer/data/tmp/wordidmap.dat
2017-09-03 16:52:19,741 INFO 迭代完成。
2017-09-03 16:52:19,742 DEBUG 计算文章-主题分布
2017-09-03 16:52:19,750 DEBUG 计算词-主题分布
2017-09-03 16:52:19,752 DEBUG 保存模型
2017-09-03 16:52:19,752 INFO 文章-主题分布已保存到/home/zz/Desktop/PycharmProjects/kechengsheji/yahoo_answer/data/tmp/model_theta.dat
2017-09-03 16:52:19,776 INFO 词-主题分布已保存到/home/zz/Desktop/PycharmProjects/kechengsheji/yahoo_answer/data/tmp/model_phi.dat
2017-09-03 16:52:19,810 INFO 参数设置已保存到/home/zz/Desktop/PycharmProjects/kechengsheji/yahoo_answer/data/tmp/model_parameter.dat
2017-09-03 16:52:19,810 INFO 主题topN词已保存到/home/zz/Desktop/PycharmProjects/kechengsheji/yahoo_answer/data/tmp/model_twords.dat
2017-09-03 16:52:20,327 INFO 文章-词-主题分派结果已保存到/home/zz/Desktop/PycharmProjects/kechengsheji/yahoo_answer/data/tmp/model_tassign.dat
2017-09-03 16:52:20,337 INFO 模型训练完成。
2017-09-03 16:53:52,005 INFO 载入数据......
2017-09-03 16:53:52,006 DEBUG 载入完成,准备生成字典对象和统计文本数据...
2017-09-03 16:53:52,023 INFO 共有1968个文档
2017-09-03 16:53:52,029 INFO 词与序号对应关系已保存到/home/zz/Desktop/PycharmProjects/kechengsheji/yahoo_answer/data/tmp/wordidmap.dat
2017-09-03 16:54:30,596 INFO 载入数据......
2017-09-03 16:54:30,597 DEBUG 载入完成,准备生成字典对象和统计文本数据...
2017-09-03 16:54:30,616 INFO 共有1968个文档
2017-09-03 16:54:30,626 INFO 词与序号对应关系已保存到/home/zz/Desktop/PycharmProjects/kechengsheji/yahoo_answer/data/tmp/wordidmap.dat
2017-09-03 16:55:02,882 INFO 迭代完成。
2017-09-03 16:55:02,882 DEBUG 计算文章-主题分布
2017-09-03 16:55:02,889 DEBUG 计算词-主题分布
2017-09-03 16:55:02,890 DEBUG 保存模型
2017-09-03 16:55:02,890 INFO 文章-主题分布已保存到/home/zz/Desktop/PycharmProjects/kechengsheji/yahoo_answer/data/tmp/model_theta.dat
2017-09-03 16:55:02,917 INFO 词-主题分布已保存到/home/zz/Desktop/PycharmProjects/kechengsheji/yahoo_answer/data/tmp/model_phi.dat
2017-09-03 16:55:02,937 INFO 参数设置已保存到/home/zz/Desktop/PycharmProjects/kechengsheji/yahoo_answer/data/tmp/model_parameter.dat
2017-09-03 16:55:02,937 INFO 主题topN词已保存到/home/zz/Desktop/PycharmProjects/kechengsheji/yahoo_answer/data/tmp/model_twords.dat
2017-09-03 16:55:03,701 INFO 文章-词-主题分派结果已保存到/home/zz/Desktop/PycharmProjects/kechengsheji/yahoo_answer/data/tmp/model_tassign.dat
2017-09-03 16:55:03,715 INFO 模型训练完成。
